<?xml version="1.0" encoding="UTF-8"?>
<!-- Generated by org.testng.reporters.JUnitXMLReporter -->
<testsuite ignored="4" hostname="LAPTOP-A2KKEA5K" failures="1" tests="1" name="Test" time="0.042" errors="0" timestamp="2023-06-20T15:52:50 CDT">
  <testcase classname="judekibodeaux.TestIOBugs.BugReproductions" name="nbastoreWomensJerseys" time="0.011">
    <failure type="java.lang.NullPointerException" message="Cannot invoke &amp;quot;org.openqa.selenium.chrome.ChromeDriver.getDevTools()&amp;quot; because &amp;quot;this.driver&amp;quot; is null">
      <![CDATA[java.lang.NullPointerException: Cannot invoke "org.openqa.selenium.chrome.ChromeDriver.getDevTools()" because "this.driver" is null
at judekibodeaux.TestIOBugs.BugReproductions.nbastoreWomensJerseys(BugReproductions.java:40)
at java.base/java.util.ArrayList.forEach(ArrayList.java:1511)
... Removed 27 stack frames]]>
    </failure>
  </testcase> <!-- nbastoreWomensJerseys -->
  <testcase classname="judekibodeaux.TestIOBugs.BugReproductions" name="weatherClearRecentSearches" time="0.0">
    <ignored/>
  </testcase> <!-- weatherClearRecentSearches -->
  <testcase classname="judekibodeaux.TestIOBugs.BugReproductions" name="hugobossEyewearLink" time="0.0">
    <ignored/>
  </testcase> <!-- hugobossEyewearLink -->
  <testcase classname="judekibodeaux.TestIOBugs.BugReproductions" name="weatherMissingData" time="0.0">
    <ignored/>
  </testcase> <!-- weatherMissingData -->
  <testcase classname="judekibodeaux.TestIOBugs.BugReproductions" name="hugobossOrderStatusLink" time="0.0">
    <ignored/>
  </testcase> <!-- hugobossOrderStatusLink -->
</testsuite> <!-- Test -->
