<?xml version="1.0" encoding="UTF-8"?>
<!-- Generated by org.testng.reporters.JUnitXMLReporter -->
<testsuite ignored="4" hostname="LAPTOP-A2KKEA5K" failures="0" tests="1" name="Default test" time="127.626" errors="0" timestamp="2023-06-20T15:20:44 CDT">
  <testcase classname="judekibodeaux.TestIOBugs.BugReproductions" name="weatherClearRecentSearches" time="124.138"/>
  <testcase classname="judekibodeaux.TestIOBugs.BugReproductions" name="hugobossEyewearLink" time="0.0">
    <ignored/>
  </testcase> <!-- hugobossEyewearLink -->
  <testcase classname="judekibodeaux.TestIOBugs.BugReproductions" name="weatherMissingData" time="0.0">
    <ignored/>
  </testcase> <!-- weatherMissingData -->
  <testcase classname="judekibodeaux.TestIOBugs.BugReproductions" name="hugobossOrderStatusLink" time="0.0">
    <ignored/>
  </testcase> <!-- hugobossOrderStatusLink -->
  <testcase classname="judekibodeaux.TestIOBugs.BugReproductions" name="nbastoreWomensJerseys" time="0.0">
    <ignored/>
  </testcase> <!-- nbastoreWomensJerseys -->
</testsuite> <!-- Default test -->
